=~=~=~=~=~=~=~=~=~=~=~= PuTTY log 2023.02.08 19:56:30 =~=~=~=~=~=~=~=~=~=~=~=
/FLU5\253770234_A

0-0:96.1.4(50217)                        # Version information for P1 output (p1_version_be)
0-0:96.1.1(3153414731313035333130343239) # Equipment identifier (equipment_id)
0-0:1.0.0(230208195627W)
1-0:1.8.1(000597.649*kWh)                # electricity consumed day (energy_delivered_tariff1)
1-0:1.8.2(000507.925*kWh)                # electricity consumed night (energy_delivered_tariff2)
1-0:2.8.1(000000.000*kWh)                # electricity delivered day (energy_returned_tariff1)
1-0:2.8.2(000000.000*kWh)                # electricity delivered night (energy_returned_tariff2)
0-0:96.14.0(0001)                        # Tariff indicator electricity. The tariff indicator can also be used (electricity_tariff)
1-0:1.4.0(00.547*kW)
1-0:1.6.0(230203191500W)(04.825*kW)      # electricity peak current month + date/time (energy_returned_lux)
0-0:98.1.0(1)(1-0:1.6.0)(1-0:1.6.0)(230201000000W)(230129114500W)(04.332*kW) # electricity peak prev month / date
1-0:1.7.0(00.861*kW)                     # power consumed (power_delivered)
1-0:2.7.0(00.000*kW)                     # power delivered (power_returned)
1-0:21.7.0(00.861*kW)                    # power consumed (power_delivered_l1)
1-0:22.7.0(00.000*kW)                    # power delivered (power_returned_l1)
1-0:32.7.0(238.9*V)                      # voltage phase 1 (voltage_l1)
1-0:31.7.0(003.81*A)                     # current phase 1 (current_l1)
0-0:96.3.10(1)                           # Switch position Electricity (in/out/enabled). Removed in 4.0.7 / 4.2.2 / 5.0 (electricity_switch_position)
0-0:17.0.0(999.9*kW)                     # The actual threshold Electricity in kW. Removed in 4.0.7 / 4.2.2 / 5.0 (electricity_threshold)
1-0:31.4.0(999*A)
0-0:96.13.0()                            # Text message (message_long)
0-1:24.1.0(003)                          # Device-Type gas - gas_device_type (gas_device_type)
0-1:96.1.1(374D495432323030313430313239) # Equipment identifier (Gas) BE - (gas_equipment_id_be)
0-1:24.4.0(1)                            # Valve position Gas (on/off/released) (Note: Removed in 4.0.7 / 4.2.2 / 5.0). - (gas_valve_position)
0-1:24.2.3(230208195513W)(00548.674*m3)  # gas value - Last 5-minute value (temperature converted), gas delivered to client BE - (gas_delivered_be)
0-2:24.1.0(007)                          # Device-Type water - (water_device_type)
0-2:96.1.1(3853455430303030323133373836) # Equipment identifier (water) BE -  water_equipment_id - 96.1.0 in header!!!
0-2:24.2.1(230208195506W)(00005.118*m3)  # water - Last 5-minute Meter reading in 0,001 m3 and capture time -  (water_delivered)
!60B2
/FLU5\253770234_A

0-0:96.1.4(50217)
0-0:96.1.1(3153414731313035333130343239)
0-0:1.0.0(230208195628W)
1-0:1.8.1(000597.649*kWh)
1-0:1.8.2(000507.925*kWh)
1-0:2.8.1(000000.000*kWh)
1-0:2.8.2(000000.000*kWh)
0-0:96.14.0(0001)
1-0:1.4.0(00.548*kW)
1-0:1.6.0(230203191500W)(04.825*kW)
0-0:98.1.0(1)(1-0:1.6.0)(1-0:1.6.0)(230201000000W)(230129114500W)(04.332*kW)
1-0:1.7.0(00.872*kW)
1-0:2.7.0(00.000*kW)
1-0:21.7.0(00.872*kW)
1-0:22.7.0(00.000*kW)
1-0:32.7.0(238.5*V)
1-0:31.7.0(003.87*A)
0-0:96.3.10(1)
0-0:17.0.0(999.9*kW)
1-0:31.4.0(999*A)
0-0:96.13.0()
0-1:24.1.0(003)
0-1:96.1.1(374D495432323030313430313239)
0-1:24.4.0(1)
0-1:24.2.3(230208195513W)(00548.674*m3)
0-2:24.1.0(007)
0-2:96.1.1(3853455430303030323133373836)
0-2:24.2.1(230208195506W)(00005.118*m3)
!0497
.
.
.